-- Attaching packages --------------------------------------- tidyverse 1.3.2 --
v ggplot2 3.3.6     v purrr   0.3.4
v tibble  3.1.8     v dplyr   1.0.9
v tidyr   1.2.0     v stringr 1.4.0
v readr   2.1.2     v forcats 0.5.1
-- Conflicts ------------------------------------------ tidyverse_conflicts() --
x dplyr::filter() masks stats::filter()
x dplyr::lag()    masks stats::lag()
Loading required package: viridisLite
Rows: 29 Columns: 19
-- Column specification --------------------------------------------------------
Delimiter: ","
chr (13): Valid Barcodes, Sequencing Saturation, Q30 Bases in Barcode, Q30 B...

i Use `spec()` to retrieve the full column specification for this data.
i Specify the column types or set `show_col_types = FALSE` to quiet this message.
Rows: 3 Columns: 20
-- Column specification --------------------------------------------------------
Delimiter: ","
chr (14): Valid Barcodes, Sequencing Saturation, Q30 Bases in Barcode, Q30 B...

i Use `spec()` to retrieve the full column specification for this data.
i Specify the column types or set `show_col_types = FALSE` to quiet this message.
Attaching SeuratObject
Attaching sp
Warning message:
In fun(libname, pkgname) :
  rgeos: versions of GEOS runtime 3.11.0-CAPI-1.17.0
and GEOS at installation 3.10.3-CAPI-1.16.1differ
-- Attaching packages --------------------------------------- tidyverse 1.3.2 --
v ggplot2 3.3.6     v purrr   0.3.4
v tibble  3.1.8     v dplyr   1.0.9
v tidyr   1.2.0     v stringr 1.4.0
v readr   2.1.2     v forcats 0.5.1
-- Conflicts ------------------------------------------ tidyverse_conflicts() --
x dplyr::filter() masks stats::filter()
x dplyr::lag()    masks stats::lag()
Loading required package: viridisLite
Warning messages:
1: Transformation introduced infinite values in continuous y-axis 
2: Removed 43570 rows containing non-finite values (stat_ydensity). 
