Attaching SeuratObject
Attaching sp
Warning message:
In fun(libname, pkgname) :
  rgeos: versions of GEOS runtime 3.11.0-CAPI-1.17.0
and GEOS at installation 3.10.3-CAPI-1.16.1differ
-- Attaching packages --------------------------------------- tidyverse 1.3.2 --
v ggplot2 3.3.6     v purrr   0.3.4
v tibble  3.1.8     v dplyr   1.0.9
v tidyr   1.2.0     v stringr 1.4.0
v readr   2.1.2     v forcats 0.5.1
-- Conflicts ------------------------------------------ tidyverse_conflicts() --
x dplyr::filter() masks stats::filter()
x dplyr::lag()    masks stats::lag()

Attaching package: 'cowplot'

The following object is masked from 'package:patchwork':

    align_plots

Loading required package: viridisLite
Note: Using an external vector in selections is ambiguous.
i Use `all_of(cell_types)` instead of `cell_types` to silence this message.
i See <https://tidyselect.r-lib.org/reference/faq-external-vector.html>.
This message is displayed once per session.
Scale for 'fill' is already present. Adding another scale for 'fill', which
will replace the existing scale.
Scale for 'fill' is already present. Adding another scale for 'fill', which
will replace the existing scale.
Scale for 'fill' is already present. Adding another scale for 'fill', which
will replace the existing scale.
Scale for 'fill' is already present. Adding another scale for 'fill', which
will replace the existing scale.
Scale for 'fill' is already present. Adding another scale for 'fill', which
will replace the existing scale.
Scale for 'fill' is already present. Adding another scale for 'fill', which
will replace the existing scale.
Scale for 'fill' is already present. Adding another scale for 'fill', which
will replace the existing scale.
Scale for 'fill' is already present. Adding another scale for 'fill', which
will replace the existing scale.
Scale for 'fill' is already present. Adding another scale for 'fill', which
will replace the existing scale.
Scale for 'fill' is already present. Adding another scale for 'fill', which
will replace the existing scale.
Scale for 'fill' is already present. Adding another scale for 'fill', which
will replace the existing scale.
Warning message:
In split.default(plot_list, cut(1:12, 3)) :
  data length is not a multiple of split variable
