Attaching SeuratObject
Attaching sp
Warning message:
In fun(libname, pkgname) :
  rgeos: versions of GEOS runtime 3.11.0-CAPI-1.17.0
and GEOS at installation 3.10.3-CAPI-1.16.1differ
-- Attaching packages --------------------------------------- tidyverse 1.3.2 --
v ggplot2 3.3.6     v purrr   0.3.4
v tibble  3.1.8     v dplyr   1.0.9
v tidyr   1.2.0     v stringr 1.4.0
v readr   2.1.2     v forcats 0.5.1
-- Conflicts ------------------------------------------ tidyverse_conflicts() --
x dplyr::filter() masks stats::filter()
x dplyr::lag()    masks stats::lag()

Attaching package: 'cowplot'

The following object is masked from 'package:patchwork':

    align_plots

Loading required package: viridisLite
Error in getopt_options(object, args) : 
  Error in getopt(spec = spec, opt = args) : 
  flag "sample_id" requires an argument
Calls: parse_args -> parse_options -> getopt_options
Execution halted
