/var/spool/slurmd/job1159597/slurm_script: line 19: --sample_dir: command not found
Attaching SeuratObject
Attaching sp
Warning message:
In fun(libname, pkgname) :
  rgeos: versions of GEOS runtime 3.11.0-CAPI-1.17.0
and GEOS at installation 3.10.3-CAPI-1.16.1differ
-- Attaching packages --------------------------------------- tidyverse 1.3.2 --
v ggplot2 3.3.6     v purrr   0.3.4
v tibble  3.1.8     v dplyr   1.0.9
v tidyr   1.2.0     v stringr 1.4.0
v readr   2.1.2     v forcats 0.5.1
-- Conflicts ------------------------------------------ tidyverse_conflicts() --
x dplyr::filter() masks stats::filter()
x dplyr::lag()    masks stats::lag()
Loading required package: viridisLite
Error in gzfile(file, "rb") : cannot open the connection
Calls: %>% ... bind_rows -> list2 -> map -> .f -> readRDS -> gzfile
In addition: Warning message:
In gzfile(file, "rb") :
  cannot open compressed file '/home/dwzj28/research_project/dataset/spatialRNA/processed_objects/10X001.h5ad^.*\.rds$', probable reason 'No such file or directory'
Execution halted
