/var/spool/slurmd/job1159768/slurm_script: line 19: --sample_dir: command not found
Attaching SeuratObject
Attaching sp
Warning message:
In fun(libname, pkgname) :
  rgeos: versions of GEOS runtime 3.11.0-CAPI-1.17.0
and GEOS at installation 3.10.3-CAPI-1.16.1differ
-- Attaching packages --------------------------------------- tidyverse 1.3.2 --
v ggplot2 3.3.6     v purrr   0.3.4
v tibble  3.1.8     v dplyr   1.0.9
v tidyr   1.2.0     v stringr 1.4.0
v readr   2.1.2     v forcats 0.5.1
-- Conflicts ------------------------------------------ tidyverse_conflicts() --
x dplyr::filter() masks stats::filter()
x dplyr::lag()    masks stats::lag()
Loading required package: viridisLite
Scale for 'y' is already present. Adding another scale for 'y', which will
replace the existing scale.
Warning messages:
1: In as_grob.default(plot) :
  Cannot convert object of class data.frame into a grob.
2: In as_grob.default(plot) :
  Cannot convert object of class list into a grob.
3: In as_grob.default(plot) :
  Cannot convert object of class ScalesListggprotogg into a grob.
4: In as_grob.default(plot) :
  Cannot convert object of class uneval into a grob.
5: In as_grob.default(plot) :
  Cannot convert object of class themegg into a grob.
6: In as_grob.default(plot) :
  Cannot convert object of class CoordCartesianCoordggprotogg into a grob.
7: In as_grob.default(plot) :
  Cannot convert object of class FacetNullFacetggprotogg into a grob.
8: In as_grob.default(plot) :
  Cannot convert object of class environment into a grob.
9: In as_grob.default(plot) :
  Cannot convert object of class list into a grob.
